<?xml version="1.0" encoding="UTF-8"?>
<testng-results skipped="0" failed="0" total="4" passed="4">
  <reporter-output>
  </reporter-output>
  <suite name="Default suite" duration-ms="11821" started-at="2014-03-06T03:47:09Z" finished-at="2014-03-06T03:47:21Z">
    <groups>
    </groups>
    <test name="Default test" duration-ms="11821" started-at="2014-03-06T03:47:09Z" finished-at="2014-03-06T03:47:21Z">
      <class name="prac.browser.BrowserMail">
        <test-method status="PASS" signature="start()[pri:0, instance:prac.browser.BrowserMail@8a3d8f]" name="start" is-config="true" duration-ms="2865" started-at="2014-03-06T11:47:09Z" finished-at="2014-03-06T11:47:12Z">
          <reporter-output>
          </reporter-output>
        </test-method> <!-- start -->
        <test-method status="PASS" signature="logOn()[pri:0, instance:prac.browser.BrowserMail@8a3d8f]" name="logOn" duration-ms="3982" started-at="2014-03-06T11:47:12Z" finished-at="2014-03-06T11:47:16Z">
          <reporter-output>
          </reporter-output>
        </test-method> <!-- logOn -->
        <test-method status="PASS" signature="writeLetter()[pri:0, instance:prac.browser.BrowserMail@8a3d8f]" name="writeLetter" duration-ms="2277" started-at="2014-03-06T11:47:16Z" finished-at="2014-03-06T11:47:18Z">
          <reporter-output>
          </reporter-output>
        </test-method> <!-- writeLetter -->
        <test-method status="PASS" signature="outBox()[pri:0, instance:prac.browser.BrowserMail@8a3d8f]" name="outBox" duration-ms="686" started-at="2014-03-06T11:47:18Z" finished-at="2014-03-06T11:47:19Z">
          <reporter-output>
          </reporter-output>
        </test-method> <!-- outBox -->
        <test-method status="PASS" signature="inBox()[pri:0, instance:prac.browser.BrowserMail@8a3d8f]" name="inBox" duration-ms="288" started-at="2014-03-06T11:47:19Z" finished-at="2014-03-06T11:47:19Z">
          <reporter-output>
          </reporter-output>
        </test-method> <!-- inBox -->
        <test-method status="PASS" signature="releaseie()[pri:0, instance:prac.browser.BrowserMail@8a3d8f]" name="releaseie" is-config="true" duration-ms="1711" started-at="2014-03-06T11:47:19Z" finished-at="2014-03-06T11:47:21Z">
          <reporter-output>
          </reporter-output>
        </test-method> <!-- releaseie -->
      </class> <!-- prac.browser.BrowserMail -->
    </test> <!-- Default test -->
  </suite> <!-- Default suite -->
</testng-results>
