<?xml version="1.0" encoding="UTF-8"?>
<testng-results skipped="0" failed="1" total="3" passed="2">
  <reporter-output>
  </reporter-output>
  <suite name="Default suite" duration-ms="9036" started-at="2014-03-05T09:54:20Z" finished-at="2014-03-05T09:54:29Z">
    <groups>
    </groups>
    <test name="Default test" duration-ms="9036" started-at="2014-03-05T09:54:20Z" finished-at="2014-03-05T09:54:29Z">
      <class name="prac.browser.BrowserMail">
        <test-method status="PASS" signature="start()[pri:0, instance:prac.browser.BrowserMail@170526a]" name="start" is-config="true" duration-ms="2883" started-at="2014-03-05T17:54:20Z" finished-at="2014-03-05T17:54:23Z">
          <reporter-output>
          </reporter-output>
        </test-method> <!-- start -->
        <test-method status="FAIL" signature="inBox()[pri:0, instance:prac.browser.BrowserMail@170526a]" name="inBox" duration-ms="332" started-at="2014-03-05T17:54:23Z" finished-at="2014-03-05T17:54:23Z">
          <exception class="org.openqa.selenium.NoSuchElementException">
            <message>
              <![CDATA[Unable to find element with xpath == //div[@id='navtree']/descendant::span[@title='收件箱'] (WARNING: The server did not provide any stacktrace information)
Command duration or timeout: 321 milliseconds
For documentation on this error, please visit: http://seleniumhq.org/exceptions/no_such_element.html
Build info: version: '2.40.0', revision: '4c5c0568b004f67810ee41c459549aa4b09c651e', time: '2014-02-19 11:13:01'
System info: host: 'adminstrator', ip: '172.16.14.18', os.name: 'Windows 8', os.arch: 'x86', os.version: '6.2', java.version: '1.7.0_51'
Session ID: 0080b4b8-b2a0-4217-bf2c-4a3d6034fd0a
Driver info: org.openqa.selenium.ie.InternetExplorerDriver
Capabilities [{platform=WINDOWS, elementScrollBehavior=0, javascriptEnabled=true, enablePersistentHover=true, ignoreZoomSetting=true, browserName=internet explorer, enableElementCacheCleanup=true, unexpectedAlertBehaviour=dismiss, version=6, cssSelectorsEnabled=true, ignoreProtectedModeSettings=true, requireWindowFocus=false, initialBrowserUrl=, handlesAlerts=true, nativeEvents=true, browserAttachTimeout=0, takesScreenshot=true}]]]>
            </message>
            <full-stacktrace>
              <![CDATA[org.openqa.selenium.NoSuchElementException: Unable to find element with xpath == //div[@id='navtree']/descendant::span[@title='收件箱'] (WARNING: The server did not provide any stacktrace information)
Command duration or timeout: 321 milliseconds
For documentation on this error, please visit: http://seleniumhq.org/exceptions/no_such_element.html
Build info: version: '2.40.0', revision: '4c5c0568b004f67810ee41c459549aa4b09c651e', time: '2014-02-19 11:13:01'
System info: host: 'adminstrator', ip: '172.16.14.18', os.name: 'Windows 8', os.arch: 'x86', os.version: '6.2', java.version: '1.7.0_51'
Session ID: 0080b4b8-b2a0-4217-bf2c-4a3d6034fd0a
Driver info: org.openqa.selenium.ie.InternetExplorerDriver
Capabilities [{platform=WINDOWS, elementScrollBehavior=0, javascriptEnabled=true, enablePersistentHover=true, ignoreZoomSetting=true, browserName=internet explorer, enableElementCacheCleanup=true, unexpectedAlertBehaviour=dismiss, version=6, cssSelectorsEnabled=true, ignoreProtectedModeSettings=true, requireWindowFocus=false, initialBrowserUrl=, handlesAlerts=true, nativeEvents=true, browserAttachTimeout=0, takesScreenshot=true}]
	at sun.reflect.NativeConstructorAccessorImpl.newInstance0(Native Method)
	at sun.reflect.NativeConstructorAccessorImpl.newInstance(Unknown Source)
	at sun.reflect.DelegatingConstructorAccessorImpl.newInstance(Unknown Source)
	at java.lang.reflect.Constructor.newInstance(Unknown Source)
	at org.openqa.selenium.remote.ErrorHandler.createThrowable(ErrorHandler.java:193)
	at org.openqa.selenium.remote.ErrorHandler.throwIfResponseFailed(ErrorHandler.java:145)
	at org.openqa.selenium.remote.RemoteWebDriver.execute(RemoteWebDriver.java:573)
	at org.openqa.selenium.remote.RemoteWebDriver.findElement(RemoteWebDriver.java:326)
	at org.openqa.selenium.remote.RemoteWebDriver.findElementByXPath(RemoteWebDriver.java:423)
	at org.openqa.selenium.By$ByXPath.findElement(By.java:357)
	at org.openqa.selenium.remote.RemoteWebDriver.findElement(RemoteWebDriver.java:318)
	at prac.browser.BrowserMail.inBox(BrowserMail.java:47)
	at sun.reflect.NativeMethodAccessorImpl.invoke0(Native Method)
	at sun.reflect.NativeMethodAccessorImpl.invoke(Unknown Source)
	at sun.reflect.DelegatingMethodAccessorImpl.invoke(Unknown Source)
	at java.lang.reflect.Method.invoke(Unknown Source)
	at org.testng.internal.MethodInvocationHelper.invokeMethod(MethodInvocationHelper.java:84)
	at org.testng.internal.Invoker.invokeMethod(Invoker.java:714)
	at org.testng.internal.Invoker.invokeTestMethod(Invoker.java:901)
	at org.testng.internal.Invoker.invokeTestMethods(Invoker.java:1231)
	at org.testng.internal.TestMethodWorker.invokeTestMethods(TestMethodWorker.java:127)
	at org.testng.internal.TestMethodWorker.run(TestMethodWorker.java:111)
	at org.testng.TestRunner.privateRun(TestRunner.java:767)
	at org.testng.TestRunner.run(TestRunner.java:617)
	at org.testng.SuiteRunner.runTest(SuiteRunner.java:334)
	at org.testng.SuiteRunner.runSequentially(SuiteRunner.java:329)
	at org.testng.SuiteRunner.privateRun(SuiteRunner.java:291)
	at org.testng.SuiteRunner.run(SuiteRunner.java:240)
	at org.testng.SuiteRunnerWorker.runSuite(SuiteRunnerWorker.java:52)
	at org.testng.SuiteRunnerWorker.run(SuiteRunnerWorker.java:86)
	at org.testng.TestNG.runSuitesSequentially(TestNG.java:1224)
	at org.testng.TestNG.runSuitesLocally(TestNG.java:1149)
	at org.testng.TestNG.run(TestNG.java:1057)
	at org.testng.remote.RemoteTestNG.run(RemoteTestNG.java:111)
	at org.testng.remote.RemoteTestNG.initAndRun(RemoteTestNG.java:204)
	at org.testng.remote.RemoteTestNG.main(RemoteTestNG.java:175)
]]>
            </full-stacktrace>
          </exception> <!-- org.openqa.selenium.NoSuchElementException -->
          <reporter-output>
          </reporter-output>
        </test-method> <!-- inBox -->
        <test-method status="PASS" signature="logOn()[pri:0, instance:prac.browser.BrowserMail@170526a]" name="logOn" duration-ms="3411" started-at="2014-03-05T17:54:23Z" finished-at="2014-03-05T17:54:26Z">
          <reporter-output>
          </reporter-output>
        </test-method> <!-- logOn -->
        <test-method status="PASS" signature="outBox()[pri:0, instance:prac.browser.BrowserMail@170526a]" name="outBox" duration-ms="751" started-at="2014-03-05T17:54:26Z" finished-at="2014-03-05T17:54:27Z">
          <reporter-output>
          </reporter-output>
        </test-method> <!-- outBox -->
        <test-method status="PASS" signature="releaseie()[pri:0, instance:prac.browser.BrowserMail@170526a]" name="releaseie" is-config="true" duration-ms="1645" started-at="2014-03-05T17:54:27Z" finished-at="2014-03-05T17:54:29Z">
          <reporter-output>
          </reporter-output>
        </test-method> <!-- releaseie -->
      </class> <!-- prac.browser.BrowserMail -->
    </test> <!-- Default test -->
  </suite> <!-- Default suite -->
</testng-results>
